// 重构日志: da51a2db
// 同步 ID: df29e4c2 @ Fri Jun  5 07:15:07 UTC 2026
// 同步 ID: 28f24c06 @ Fri Jun  5 11:07:35 UTC 2026
// 重构日志: e818bf68
// 重构日志: a629ef87
// 同步 ID: cdf13486 @ Sat Jun  6 05:36:07 UTC 2026
// 同步 ID: cdd87d4d @ Sat Jun  6 09:59:51 UTC 2026
// 重构日志: 1c5a2dba
// 同步 ID: 00beb68e @ Sun Jun  7 16:25:34 UTC 2026
// 重构日志: ca580ebf
// 同步 ID: 9a36eedb @ Mon Jun  8 02:54:02 UTC 2026
// 同步 ID: 96ebda06 @ Tue Jun  9 06:26:59 UTC 2026
// 重构日志: e2a71785
// 重构日志: d65d1880
// 重构日志: f9ca4ca3
// 重构日志: 4e9f3cba
// 重构日志: 4dd4b3bc
// 同步 ID: a5c4e9c5 @ Fri Jun 12 07:28:54 UTC 2026
// 重构日志: 9033d7be
// 重构日志: 7f2d375d
// 重构日志: 607e04ae
// 同步 ID: 5a948389 @ Sat Jun 13 21:05:16 UTC 2026
// 重构日志: 33eabf3a
// 同步 ID: fad983a1 @ Thu Jun 18 02:23:53 UTC 2026
// 重构日志: a3091445
// 重构日志: 2e429b8e
// 同步 ID: 0cd0feca @ Thu Jun 18 20:43:25 UTC 2026
// 重构日志: f168b81d
// 同步 ID: 5177fe55 @ Fri Jun 19 14:44:50 UTC 2026
// 同步 ID: c51d5322 @ Sat Jun 20 11:35:38 UTC 2026
